--->09/11/2023 14:28:15	ActualizarData/InsertUpdateTabla_v2/No se pudo sincronizar la tabla : INT_MAE_ETAPA. Por no contar con el campo identity
--->09/11/2023 14:28:15	ActualizarData/InsertUpdateTabla_v2/No se pudo sincronizar la tabla : TRA_ASI_MAE_CATEGORIA_CLASIFICACION. Por no contar con el campo identity
--->09/11/2023 14:28:15	ActualizarData/InsertUpdateTabla_v2/No se pudo sincronizar la tabla : TRA_ASI_MAE_CATEGORIA_FICHA. Por no contar con el campo identity
--->09/11/2023 18:00:33	ActualizarData/InsertUpdateTabla_v2/No se pudo sincronizar la tabla : INT_MAE_ETAPA. Por no contar con el campo identity
--->09/11/2023 18:00:33	ActualizarData/InsertUpdateTabla_v2/No se pudo sincronizar la tabla : TRA_ASI_MAE_CATEGORIA_CLASIFICACION. Por no contar con el campo identity
--->09/11/2023 18:00:33	ActualizarData/InsertUpdateTabla_v2/No se pudo sincronizar la tabla : TRA_ASI_MAE_CATEGORIA_FICHA. Por no contar con el campo identity
--->09/11/2023 18:03:42	ActualizarData/InsertUpdateTabla_v2/No se pudo sincronizar la tabla : INT_MAE_ETAPA. Por no contar con el campo identity
--->09/11/2023 18:03:42	ActualizarData/InsertUpdateTabla_v2/No se pudo sincronizar la tabla : TRA_ASI_MAE_CATEGORIA_CLASIFICACION. Por no contar con el campo identity
--->09/11/2023 18:03:42	ActualizarData/InsertUpdateTabla_v2/No se pudo sincronizar la tabla : TRA_ASI_MAE_CATEGORIA_FICHA. Por no contar con el campo identity
--->09/11/2023 18:04:23	ActualizarData/InsertUpdateTabla_v2/No se pudo sincronizar la tabla : INT_MAE_ETAPA. Por no contar con el campo identity
--->09/11/2023 18:04:23	ActualizarData/InsertUpdateTabla_v2/No se pudo sincronizar la tabla : TRA_ASI_MAE_CATEGORIA_CLASIFICACION. Por no contar con el campo identity
--->09/11/2023 18:04:23	ActualizarData/InsertUpdateTabla_v2/No se pudo sincronizar la tabla : TRA_ASI_MAE_CATEGORIA_FICHA. Por no contar con el campo identity
--->09/11/2023 18:08:15	ActualizarData/InsertUpdateTabla_v2/No se pudo sincronizar la tabla : INT_MAE_ETAPA. Por no contar con el campo identity
--->09/11/2023 18:08:15	ActualizarData/InsertUpdateTabla_v2/No se pudo sincronizar la tabla : TRA_ASI_MAE_CATEGORIA_CLASIFICACION. Por no contar con el campo identity
--->09/11/2023 18:08:15	ActualizarData/InsertUpdateTabla_v2/No se pudo sincronizar la tabla : TRA_ASI_MAE_CATEGORIA_FICHA. Por no contar con el campo identity
--->10/11/2023 16:21:25	ActualizarData/InsertUpdateTabla_v2/No se pudo sincronizar la tabla : INT_COMUNIDADCAMPESINAGENERAL. Por no contar con el campo identity
--->10/11/2023 16:21:49	ActualizarData/InsertUpdateTabla_v2/No se pudo sincronizar la tabla : INT_COMUNIDADCAMPESINAGENERAL. Por no contar con el campo identity
--->10/11/2023 18:23:18	ActualizarData/InsertUpdateTabla_v2/No se pudo sincronizar la tabla : INT_COMUNIDADCAMPESINAGENERAL. Por no contar con el campo identity
--->13/11/2023 10:31:59	ActualizarData/InsertUpdateTabla_v2/No se pudo sincronizar la tabla : INT_COMUNIDADCAMPESINAGENERAL. Por no contar con el campo identity
--->20/11/2023 09:14:45	ActualizarData/InsertUpdateTabla_v2/No se pudo sincronizar la tabla : INT_COMUNIDADCAMPESINAGENERAL. Por no contar con el campo identity
--->24/11/2023 09:33:09	ActualizarData/InsertUpdateTabla_v2/No se pudo sincronizar la tabla : INT_COMUNIDADCAMPESINAESPECIFICA. Por no contar con el campo identity
--->24/11/2023 09:33:09	ActualizarData/InsertUpdateTabla_v2/No se pudo sincronizar la tabla : INT_COMUNIDADCAMPESINAGENERAL. Por no contar con el campo identity
--->24/11/2023 09:33:10	ActualizarData/InsertUpdateTabla_v2/No se pudo sincronizar la tabla : INT_MAE_ETAPA. Por no contar con el campo identity
--->24/11/2023 09:33:10	ActualizarData/InsertUpdateTabla_v2/No se pudo sincronizar la tabla : TRA_ASI_MAE_CATEGORIA_CLASIFICACION. Por no contar con el campo identity
--->24/11/2023 09:33:11	ActualizarData/InsertUpdateTabla_v2/No se pudo sincronizar la tabla : TRA_ASI_MAE_CATEGORIA_FICHA. Por no contar con el campo identity
--->29/11/2023 16:24:43	ActualizarData/InsertUpdateTabla_v2/No se pudo sincronizar la tabla : INT_COMUNIDADCAMPESINAESPECIFICA. Por no contar con el campo identity
--->29/11/2023 16:24:43	ActualizarData/InsertUpdateTabla_v2/No se pudo sincronizar la tabla : INT_COMUNIDADCAMPESINAGENERAL. Por no contar con el campo identity
--->29/11/2023 16:24:44	ActualizarData/InsertUpdateTabla_v2/No se pudo sincronizar la tabla : INT_MAE_ETAPA. Por no contar con el campo identity
--->29/11/2023 16:24:44	ActualizarData/InsertUpdateTabla_v2/No se pudo sincronizar la tabla : TRA_ASI_MAE_CATEGORIA_CLASIFICACION. Por no contar con el campo identity
--->29/11/2023 16:24:44	ActualizarData/InsertUpdateTabla_v2/No se pudo sincronizar la tabla : TRA_ASI_MAE_CATEGORIA_FICHA. Por no contar con el campo identity
--->29/11/2023 17:16:07	ActualizarData/InsertUpdateTabla_v2/No se pudo sincronizar la tabla : INT_COMUNIDADCAMPESINAESPECIFICA. Por no contar con el campo identity
--->29/11/2023 17:16:08	ActualizarData/InsertUpdateTabla_v2/No se pudo sincronizar la tabla : INT_COMUNIDADCAMPESINAGENERAL. Por no contar con el campo identity
--->29/11/2023 17:16:10	ActualizarData/InsertUpdateTabla_v2/No se pudo sincronizar la tabla : INT_MAE_ETAPA. Por no contar con el campo identity
--->29/11/2023 17:16:10	ActualizarData/InsertUpdateTabla_v2/No se pudo sincronizar la tabla : TRA_ASI_MAE_CATEGORIA_CLASIFICACION. Por no contar con el campo identity
--->29/11/2023 17:16:10	ActualizarData/InsertUpdateTabla_v2/No se pudo sincronizar la tabla : TRA_ASI_MAE_CATEGORIA_FICHA. Por no contar con el campo identity
--->29/11/2023 17:20:17	ActualizarData/InsertUpdateTabla_v2/No se pudo sincronizar la tabla : INT_MAE_ETAPA. Por no contar con el campo identity
--->29/11/2023 17:20:17	ActualizarData/InsertUpdateTabla_v2/No se pudo sincronizar la tabla : TRA_ASI_MAE_CATEGORIA_CLASIFICACION. Por no contar con el campo identity
--->29/11/2023 17:20:17	ActualizarData/InsertUpdateTabla_v2/No se pudo sincronizar la tabla : TRA_ASI_MAE_CATEGORIA_FICHA. Por no contar con el campo identity
--->30/11/2023 10:26:29	ActualizarData/InsertUpdateTabla_v2/No se pudo sincronizar la tabla : INT_MAE_ETAPA. Por no contar con el campo identity
--->30/11/2023 10:26:29	ActualizarData/InsertUpdateTabla_v2/No se pudo sincronizar la tabla : TRA_ASI_MAE_CATEGORIA_CLASIFICACION. Por no contar con el campo identity
--->30/11/2023 10:26:30	ActualizarData/InsertUpdateTabla_v2/No se pudo sincronizar la tabla : TRA_ASI_MAE_CATEGORIA_FICHA. Por no contar con el campo identity
