--->03/01/2024 18:34:08	ActualizarData/InsertUpdateTabla_v2/No se pudo sincronizar la tabla : INT_MAE_ETAPA. Por no contar con el campo identity
--->03/01/2024 18:34:08	ActualizarData/InsertUpdateTabla_v2/No se pudo sincronizar la tabla : TRA_ASI_MAE_CATEGORIA_CLASIFICACION. Por no contar con el campo identity
--->03/01/2024 18:34:08	ActualizarData/InsertUpdateTabla_v2/No se pudo sincronizar la tabla : TRA_ASI_MAE_CATEGORIA_FICHA. Por no contar con el campo identity
--->03/01/2024 18:49:12	ActualizarData/InsertUpdateTabla_v2/No se pudo sincronizar la tabla : INT_MAE_ETAPA. Por no contar con el campo identity
--->03/01/2024 18:49:13	ActualizarData/InsertUpdateTabla_v2/No se pudo sincronizar la tabla : TRA_ASI_MAE_CATEGORIA_CLASIFICACION. Por no contar con el campo identity
--->03/01/2024 18:49:13	ActualizarData/InsertUpdateTabla_v2/No se pudo sincronizar la tabla : TRA_ASI_MAE_CATEGORIA_FICHA. Por no contar con el campo identity
--->03/01/2024 19:24:48	ActualizarData/InsertUpdateTabla_v2/No se pudo sincronizar la tabla : INT_MAE_ETAPA. Por no contar con el campo identity
--->03/01/2024 19:24:48	ActualizarData/InsertUpdateTabla_v2/No se pudo sincronizar la tabla : TRA_ASI_MAE_CATEGORIA_CLASIFICACION. Por no contar con el campo identity
--->03/01/2024 19:24:48	ActualizarData/InsertUpdateTabla_v2/No se pudo sincronizar la tabla : TRA_ASI_MAE_CATEGORIA_FICHA. Por no contar con el campo identity
--->03/01/2024 19:30:56	ActualizarData/InsertUpdateTabla_v2/No se pudo sincronizar la tabla : INT_MAE_ETAPA. Por no contar con el campo identity
--->03/01/2024 19:30:57	ActualizarData/InsertUpdateTabla_v2/No se pudo sincronizar la tabla : TRA_ASI_MAE_CATEGORIA_CLASIFICACION. Por no contar con el campo identity
--->03/01/2024 19:30:58	ActualizarData/InsertUpdateTabla_v2/No se pudo sincronizar la tabla : TRA_ASI_MAE_CATEGORIA_FICHA. Por no contar con el campo identity
--->04/01/2024 09:57:30	ActualizarData/InsertUpdateTabla_v2/No se pudo sincronizar la tabla : INT_MAE_ETAPA. Por no contar con el campo identity
--->04/01/2024 09:57:30	ActualizarData/InsertUpdateTabla_v2/No se pudo sincronizar la tabla : TRA_ASI_MAE_CATEGORIA_CLASIFICACION. Por no contar con el campo identity
--->04/01/2024 09:57:30	ActualizarData/InsertUpdateTabla_v2/No se pudo sincronizar la tabla : TRA_ASI_MAE_CATEGORIA_FICHA. Por no contar con el campo identity
--->04/01/2024 11:10:28	ActualizarData/InsertUpdateTabla_v2/No se pudo sincronizar la tabla : INT_MAE_ETAPA. Por no contar con el campo identity
--->04/01/2024 11:10:28	ActualizarData/InsertUpdateTabla_v2/No se pudo sincronizar la tabla : TRA_ASI_MAE_CATEGORIA_CLASIFICACION. Por no contar con el campo identity
--->04/01/2024 11:10:28	ActualizarData/InsertUpdateTabla_v2/No se pudo sincronizar la tabla : TRA_ASI_MAE_CATEGORIA_FICHA. Por no contar con el campo identity
--->04/01/2024 12:35:11	ActualizarData/InsertUpdateTabla_v2/No se pudo sincronizar la tabla : INT_MAE_ETAPA. Por no contar con el campo identity
--->04/01/2024 12:35:11	ActualizarData/InsertUpdateTabla_v2/No se pudo sincronizar la tabla : TRA_ASI_MAE_CATEGORIA_CLASIFICACION. Por no contar con el campo identity
--->04/01/2024 12:35:11	ActualizarData/InsertUpdateTabla_v2/No se pudo sincronizar la tabla : TRA_ASI_MAE_CATEGORIA_FICHA. Por no contar con el campo identity
--->04/01/2024 15:37:11	ActualizarData/InsertUpdateTabla_v2/No se pudo sincronizar la tabla : INT_MAE_ETAPA. Por no contar con el campo identity
--->04/01/2024 15:37:11	ActualizarData/InsertUpdateTabla_v2/No se pudo sincronizar la tabla : TRA_ASI_MAE_CATEGORIA_CLASIFICACION. Por no contar con el campo identity
--->04/01/2024 15:37:11	ActualizarData/InsertUpdateTabla_v2/No se pudo sincronizar la tabla : TRA_ASI_MAE_CATEGORIA_FICHA. Por no contar con el campo identity
--->04/01/2024 15:58:41	ActualizarData/InsertUpdateTabla_v2/No se pudo sincronizar la tabla : INT_MAE_ETAPA. Por no contar con el campo identity
--->04/01/2024 15:58:41	ActualizarData/InsertUpdateTabla_v2/No se pudo sincronizar la tabla : TRA_ASI_MAE_CATEGORIA_CLASIFICACION. Por no contar con el campo identity
--->04/01/2024 15:58:41	ActualizarData/InsertUpdateTabla_v2/No se pudo sincronizar la tabla : TRA_ASI_MAE_CATEGORIA_FICHA. Por no contar con el campo identity
--->04/01/2024 17:12:05	ActualizarData/InsertUpdateTabla_v2/No se pudo sincronizar la tabla : INT_MAE_ETAPA. Por no contar con el campo identity
--->04/01/2024 17:12:05	ActualizarData/InsertUpdateTabla_v2/No se pudo sincronizar la tabla : TRA_ASI_MAE_CATEGORIA_CLASIFICACION. Por no contar con el campo identity
--->04/01/2024 17:12:05	ActualizarData/InsertUpdateTabla_v2/No se pudo sincronizar la tabla : TRA_ASI_MAE_CATEGORIA_FICHA. Por no contar con el campo identity
--->04/01/2024 18:02:12	ActualizarData/InsertUpdateTabla_v2/No se pudo sincronizar la tabla : INT_MAE_ETAPA. Por no contar con el campo identity
--->04/01/2024 18:02:13	ActualizarData/InsertUpdateTabla_v2/No se pudo sincronizar la tabla : TRA_ASI_MAE_CATEGORIA_CLASIFICACION. Por no contar con el campo identity
--->04/01/2024 18:02:13	ActualizarData/InsertUpdateTabla_v2/No se pudo sincronizar la tabla : TRA_ASI_MAE_CATEGORIA_FICHA. Por no contar con el campo identity
--->04/01/2024 18:23:17	ActualizarData/InsertUpdateTabla_v2/No se pudo sincronizar la tabla : INT_MAE_ETAPA. Por no contar con el campo identity
--->04/01/2024 18:23:17	ActualizarData/InsertUpdateTabla_v2/No se pudo sincronizar la tabla : TRA_ASI_MAE_CATEGORIA_CLASIFICACION. Por no contar con el campo identity
--->04/01/2024 18:23:17	ActualizarData/InsertUpdateTabla_v2/No se pudo sincronizar la tabla : TRA_ASI_MAE_CATEGORIA_FICHA. Por no contar con el campo identity
--->04/01/2024 18:25:00	ActualizarData/InsertUpdateTabla_v2/No se pudo sincronizar la tabla : INT_MAE_ETAPA. Por no contar con el campo identity
--->04/01/2024 18:25:00	ActualizarData/InsertUpdateTabla_v2/No se pudo sincronizar la tabla : TRA_ASI_MAE_CATEGORIA_CLASIFICACION. Por no contar con el campo identity
--->04/01/2024 18:25:00	ActualizarData/InsertUpdateTabla_v2/No se pudo sincronizar la tabla : TRA_ASI_MAE_CATEGORIA_FICHA. Por no contar con el campo identity
--->05/01/2024 08:17:55	ActualizarData/InsertUpdateTabla_v2/No se pudo sincronizar la tabla : INT_MAE_ETAPA. Por no contar con el campo identity
--->05/01/2024 08:17:56	ActualizarData/InsertUpdateTabla_v2/No se pudo sincronizar la tabla : TRA_ASI_MAE_CATEGORIA_CLASIFICACION. Por no contar con el campo identity
--->05/01/2024 08:17:57	ActualizarData/InsertUpdateTabla_v2/No se pudo sincronizar la tabla : TRA_ASI_MAE_CATEGORIA_FICHA. Por no contar con el campo identity
--->05/01/2024 13:01:34	ActualizarData/InsertUpdateTabla_v2/No se pudo sincronizar la tabla : INT_COMUNIDADCAMPESINAESPECIFICA. Por no contar con el campo identity
--->05/01/2024 13:01:34	ActualizarData/InsertUpdateTabla_v2/No se pudo sincronizar la tabla : INT_COMUNIDADCAMPESINAGENERAL. Por no contar con el campo identity
--->05/01/2024 13:21:41	ActualizarData/InsertUpdateTabla_v2/No se pudo sincronizar la tabla : INT_COMUNIDADCAMPESINAESPECIFICA. Por no contar con el campo identity
--->05/01/2024 13:21:41	ActualizarData/InsertUpdateTabla_v2/No se pudo sincronizar la tabla : INT_COMUNIDADCAMPESINAGENERAL. Por no contar con el campo identity
--->05/01/2024 15:15:39	ActualizarData/InsertUpdateTabla_v2/No se pudo sincronizar la tabla : INT_MAE_ETAPA. Por no contar con el campo identity
--->05/01/2024 15:15:39	ActualizarData/InsertUpdateTabla_v2/No se pudo sincronizar la tabla : TRA_ASI_MAE_CATEGORIA_CLASIFICACION. Por no contar con el campo identity
--->05/01/2024 15:15:39	ActualizarData/InsertUpdateTabla_v2/No se pudo sincronizar la tabla : TRA_ASI_MAE_CATEGORIA_FICHA. Por no contar con el campo identity
--->05/01/2024 15:20:06	ActualizarData/InsertUpdateTabla_v2/No se pudo sincronizar la tabla : INT_MAE_ETAPA. Por no contar con el campo identity
--->05/01/2024 15:20:06	ActualizarData/InsertUpdateTabla_v2/No se pudo sincronizar la tabla : TRA_ASI_MAE_CATEGORIA_CLASIFICACION. Por no contar con el campo identity
--->05/01/2024 15:20:06	ActualizarData/InsertUpdateTabla_v2/No se pudo sincronizar la tabla : TRA_ASI_MAE_CATEGORIA_FICHA. Por no contar con el campo identity
--->05/01/2024 15:21:13	ActualizarData/InsertUpdateTabla_v2/No se pudo sincronizar la tabla : INT_MAE_ETAPA. Por no contar con el campo identity
--->05/01/2024 15:21:13	ActualizarData/InsertUpdateTabla_v2/No se pudo sincronizar la tabla : TRA_ASI_MAE_CATEGORIA_CLASIFICACION. Por no contar con el campo identity
--->05/01/2024 15:21:13	ActualizarData/InsertUpdateTabla_v2/No se pudo sincronizar la tabla : TRA_ASI_MAE_CATEGORIA_FICHA. Por no contar con el campo identity
--->05/01/2024 15:38:44	ActualizarData/InsertUpdateTabla_v2/No se pudo sincronizar la tabla : INT_MAE_ETAPA. Por no contar con el campo identity
--->05/01/2024 15:38:44	ActualizarData/InsertUpdateTabla_v2/No se pudo sincronizar la tabla : TRA_ASI_MAE_CATEGORIA_CLASIFICACION. Por no contar con el campo identity
--->05/01/2024 15:38:44	ActualizarData/InsertUpdateTabla_v2/No se pudo sincronizar la tabla : TRA_ASI_MAE_CATEGORIA_FICHA. Por no contar con el campo identity
--->05/01/2024 16:30:50	ActualizarData/InsertUpdateTabla_v2/No se pudo sincronizar la tabla : INT_MAE_ETAPA. Por no contar con el campo identity
--->05/01/2024 16:30:50	ActualizarData/InsertUpdateTabla_v2/No se pudo sincronizar la tabla : TRA_ASI_MAE_CATEGORIA_CLASIFICACION. Por no contar con el campo identity
--->05/01/2024 16:30:51	ActualizarData/InsertUpdateTabla_v2/No se pudo sincronizar la tabla : TRA_ASI_MAE_CATEGORIA_FICHA. Por no contar con el campo identity
--->05/01/2024 16:33:49	ActualizarData/InsertUpdateTabla_v2/No se pudo sincronizar la tabla : INT_MAE_ETAPA. Por no contar con el campo identity
--->05/01/2024 16:33:49	ActualizarData/InsertUpdateTabla_v2/No se pudo sincronizar la tabla : TRA_ASI_MAE_CATEGORIA_CLASIFICACION. Por no contar con el campo identity
--->05/01/2024 16:33:49	ActualizarData/InsertUpdateTabla_v2/No se pudo sincronizar la tabla : TRA_ASI_MAE_CATEGORIA_FICHA. Por no contar con el campo identity
--->05/01/2024 16:49:45	ActualizarData/InsertUpdateTabla_v2/No se pudo sincronizar la tabla : INT_MAE_ETAPA. Por no contar con el campo identity
--->05/01/2024 16:49:46	ActualizarData/InsertUpdateTabla_v2/No se pudo sincronizar la tabla : TRA_ASI_MAE_CATEGORIA_CLASIFICACION. Por no contar con el campo identity
--->05/01/2024 16:49:46	ActualizarData/InsertUpdateTabla_v2/No se pudo sincronizar la tabla : TRA_ASI_MAE_CATEGORIA_FICHA. Por no contar con el campo identity
--->05/01/2024 17:01:05	ActualizarData/InsertUpdateTabla_v2/No se pudo sincronizar la tabla : INT_MAE_ETAPA. Por no contar con el campo identity
--->05/01/2024 17:01:05	ActualizarData/InsertUpdateTabla_v2/No se pudo sincronizar la tabla : TRA_ASI_MAE_CATEGORIA_CLASIFICACION. Por no contar con el campo identity
--->05/01/2024 17:01:05	ActualizarData/InsertUpdateTabla_v2/No se pudo sincronizar la tabla : TRA_ASI_MAE_CATEGORIA_FICHA. Por no contar con el campo identity
--->05/01/2024 17:05:07	ActualizarData/InsertUpdateTabla_v2/No se pudo sincronizar la tabla : INT_MAE_ETAPA. Por no contar con el campo identity
--->05/01/2024 17:05:07	ActualizarData/InsertUpdateTabla_v2/No se pudo sincronizar la tabla : TRA_ASI_MAE_CATEGORIA_CLASIFICACION. Por no contar con el campo identity
--->05/01/2024 17:05:07	ActualizarData/InsertUpdateTabla_v2/No se pudo sincronizar la tabla : TRA_ASI_MAE_CATEGORIA_FICHA. Por no contar con el campo identity
--->05/01/2024 17:35:37	ActualizarData/InsertUpdateTabla_v2/No se pudo sincronizar la tabla : INT_MAE_ETAPA. Por no contar con el campo identity
--->05/01/2024 17:35:37	ActualizarData/InsertUpdateTabla_v2/No se pudo sincronizar la tabla : TRA_ASI_MAE_CATEGORIA_CLASIFICACION. Por no contar con el campo identity
--->05/01/2024 17:35:37	ActualizarData/InsertUpdateTabla_v2/No se pudo sincronizar la tabla : TRA_ASI_MAE_CATEGORIA_FICHA. Por no contar con el campo identity
--->06/01/2024 11:54:37	ActualizarData/InsertUpdateTabla_v2/No se pudo sincronizar la tabla : INT_MAE_ETAPA. Por no contar con el campo identity
--->06/01/2024 11:54:37	ActualizarData/InsertUpdateTabla_v2/No se pudo sincronizar la tabla : TRA_ASI_MAE_CATEGORIA_CLASIFICACION. Por no contar con el campo identity
--->06/01/2024 11:54:37	ActualizarData/InsertUpdateTabla_v2/No se pudo sincronizar la tabla : TRA_ASI_MAE_CATEGORIA_FICHA. Por no contar con el campo identity
--->06/01/2024 12:58:54	ActualizarData/InsertUpdateTabla_v2/No se pudo sincronizar la tabla : INT_MAE_ETAPA. Por no contar con el campo identity
--->06/01/2024 12:58:54	ActualizarData/InsertUpdateTabla_v2/No se pudo sincronizar la tabla : TRA_ASI_MAE_CATEGORIA_CLASIFICACION. Por no contar con el campo identity
--->06/01/2024 12:58:55	ActualizarData/InsertUpdateTabla_v2/No se pudo sincronizar la tabla : TRA_ASI_MAE_CATEGORIA_FICHA. Por no contar con el campo identity
--->07/01/2024 00:36:53	ActualizarData/InsertUpdateTabla_v2/No se pudo sincronizar la tabla : INT_MAE_ETAPA. Por no contar con el campo identity
--->07/01/2024 00:36:53	ActualizarData/InsertUpdateTabla_v2/No se pudo sincronizar la tabla : TRA_ASI_MAE_CATEGORIA_CLASIFICACION. Por no contar con el campo identity
--->07/01/2024 00:36:53	ActualizarData/InsertUpdateTabla_v2/No se pudo sincronizar la tabla : TRA_ASI_MAE_CATEGORIA_FICHA. Por no contar con el campo identity
--->08/01/2024 09:37:30	ActualizarData/InsertUpdateTabla_v2/No se pudo sincronizar la tabla : INT_MAE_ETAPA. Por no contar con el campo identity
--->08/01/2024 09:37:31	ActualizarData/InsertUpdateTabla_v2/No se pudo sincronizar la tabla : TRA_ASI_MAE_CATEGORIA_CLASIFICACION. Por no contar con el campo identity
--->08/01/2024 09:37:31	ActualizarData/InsertUpdateTabla_v2/No se pudo sincronizar la tabla : TRA_ASI_MAE_CATEGORIA_FICHA. Por no contar con el campo identity
--->08/01/2024 09:45:21	ActualizarData/InsertUpdateTabla_v2/No se pudo sincronizar la tabla : INT_MAE_ETAPA. Por no contar con el campo identity
--->08/01/2024 09:45:21	ActualizarData/InsertUpdateTabla_v2/No se pudo sincronizar la tabla : TRA_ASI_MAE_CATEGORIA_CLASIFICACION. Por no contar con el campo identity
--->08/01/2024 09:45:21	ActualizarData/InsertUpdateTabla_v2/No se pudo sincronizar la tabla : TRA_ASI_MAE_CATEGORIA_FICHA. Por no contar con el campo identity
--->08/01/2024 10:47:47	ActualizarData/InsertUpdateTabla_v2/No se pudo sincronizar la tabla : INT_MAE_ETAPA. Por no contar con el campo identity
--->08/01/2024 10:47:47	ActualizarData/InsertUpdateTabla_v2/No se pudo sincronizar la tabla : TRA_ASI_MAE_CATEGORIA_CLASIFICACION. Por no contar con el campo identity
--->08/01/2024 10:47:47	ActualizarData/InsertUpdateTabla_v2/No se pudo sincronizar la tabla : TRA_ASI_MAE_CATEGORIA_FICHA. Por no contar con el campo identity
--->08/01/2024 12:54:52	ActualizarData/InsertUpdateTabla_v2/No se pudo sincronizar la tabla : INT_MAE_ETAPA. Por no contar con el campo identity
--->08/01/2024 12:54:52	ActualizarData/InsertUpdateTabla_v2/No se pudo sincronizar la tabla : TRA_ASI_MAE_CATEGORIA_CLASIFICACION. Por no contar con el campo identity
--->08/01/2024 12:54:53	ActualizarData/InsertUpdateTabla_v2/No se pudo sincronizar la tabla : TRA_ASI_MAE_CATEGORIA_FICHA. Por no contar con el campo identity
--->08/01/2024 14:06:22	ActualizarData/InsertUpdateTabla_v2/No se pudo sincronizar la tabla : INT_MAE_ETAPA. Por no contar con el campo identity
--->08/01/2024 14:06:22	ActualizarData/InsertUpdateTabla_v2/No se pudo sincronizar la tabla : TRA_ASI_MAE_CATEGORIA_CLASIFICACION. Por no contar con el campo identity
--->08/01/2024 14:06:22	ActualizarData/InsertUpdateTabla_v2/No se pudo sincronizar la tabla : TRA_ASI_MAE_CATEGORIA_FICHA. Por no contar con el campo identity
--->08/01/2024 14:23:50	ActualizarData/InsertUpdateTabla_v2/No se pudo sincronizar la tabla : INT_MAE_ETAPA. Por no contar con el campo identity
--->08/01/2024 14:23:50	ActualizarData/InsertUpdateTabla_v2/No se pudo sincronizar la tabla : TRA_ASI_MAE_CATEGORIA_CLASIFICACION. Por no contar con el campo identity
--->08/01/2024 14:23:51	ActualizarData/InsertUpdateTabla_v2/No se pudo sincronizar la tabla : TRA_ASI_MAE_CATEGORIA_FICHA. Por no contar con el campo identity
--->08/01/2024 15:29:34	ActualizarData/InsertUpdateTabla_v2/No se pudo sincronizar la tabla : INT_MAE_ETAPA. Por no contar con el campo identity
--->08/01/2024 15:29:34	ActualizarData/InsertUpdateTabla_v2/No se pudo sincronizar la tabla : TRA_ASI_MAE_CATEGORIA_CLASIFICACION. Por no contar con el campo identity
--->08/01/2024 15:29:34	ActualizarData/InsertUpdateTabla_v2/No se pudo sincronizar la tabla : TRA_ASI_MAE_CATEGORIA_FICHA. Por no contar con el campo identity
--->08/01/2024 15:35:25	ActualizarData/InsertUpdateTabla_v2/No se pudo sincronizar la tabla : INT_MAE_ETAPA. Por no contar con el campo identity
--->08/01/2024 15:35:25	ActualizarData/InsertUpdateTabla_v2/No se pudo sincronizar la tabla : TRA_ASI_MAE_CATEGORIA_CLASIFICACION. Por no contar con el campo identity
--->08/01/2024 15:35:25	ActualizarData/InsertUpdateTabla_v2/No se pudo sincronizar la tabla : TRA_ASI_MAE_CATEGORIA_FICHA. Por no contar con el campo identity
--->08/01/2024 15:37:23	ActualizarData/InsertUpdateTabla_v2/No se pudo sincronizar la tabla : INT_MAE_ETAPA. Por no contar con el campo identity
--->08/01/2024 15:37:23	ActualizarData/InsertUpdateTabla_v2/No se pudo sincronizar la tabla : TRA_ASI_MAE_CATEGORIA_CLASIFICACION. Por no contar con el campo identity
--->08/01/2024 15:37:24	ActualizarData/InsertUpdateTabla_v2/No se pudo sincronizar la tabla : TRA_ASI_MAE_CATEGORIA_FICHA. Por no contar con el campo identity
--->08/01/2024 15:41:33	ActualizarData/InsertUpdateTabla_v2/No se pudo sincronizar la tabla : INT_MAE_ETAPA. Por no contar con el campo identity
--->08/01/2024 15:41:33	ActualizarData/InsertUpdateTabla_v2/No se pudo sincronizar la tabla : TRA_ASI_MAE_CATEGORIA_CLASIFICACION. Por no contar con el campo identity
--->08/01/2024 15:41:33	ActualizarData/InsertUpdateTabla_v2/No se pudo sincronizar la tabla : TRA_ASI_MAE_CATEGORIA_FICHA. Por no contar con el campo identity
--->08/01/2024 15:43:18	ActualizarData/InsertUpdateTabla_v2/No se pudo sincronizar la tabla : INT_MAE_ETAPA. Por no contar con el campo identity
--->08/01/2024 15:43:19	ActualizarData/InsertUpdateTabla_v2/No se pudo sincronizar la tabla : TRA_ASI_MAE_CATEGORIA_CLASIFICACION. Por no contar con el campo identity
--->08/01/2024 15:43:19	ActualizarData/InsertUpdateTabla_v2/No se pudo sincronizar la tabla : TRA_ASI_MAE_CATEGORIA_FICHA. Por no contar con el campo identity
--->08/01/2024 15:45:00	ActualizarData/InsertUpdateTabla_v2/No se pudo sincronizar la tabla : INT_MAE_ETAPA. Por no contar con el campo identity
--->08/01/2024 15:45:00	ActualizarData/InsertUpdateTabla_v2/No se pudo sincronizar la tabla : TRA_ASI_MAE_CATEGORIA_CLASIFICACION. Por no contar con el campo identity
--->08/01/2024 15:45:00	ActualizarData/InsertUpdateTabla_v2/No se pudo sincronizar la tabla : TRA_ASI_MAE_CATEGORIA_FICHA. Por no contar con el campo identity
--->08/01/2024 15:53:23	ActualizarData/InsertUpdateTabla_v2/No se pudo sincronizar la tabla : INT_MAE_ETAPA. Por no contar con el campo identity
--->08/01/2024 15:53:23	ActualizarData/InsertUpdateTabla_v2/No se pudo sincronizar la tabla : TRA_ASI_MAE_CATEGORIA_CLASIFICACION. Por no contar con el campo identity
--->08/01/2024 15:53:23	ActualizarData/InsertUpdateTabla_v2/No se pudo sincronizar la tabla : TRA_ASI_MAE_CATEGORIA_FICHA. Por no contar con el campo identity
--->08/01/2024 16:00:12	ActualizarData/InsertUpdateTabla_v2/No se pudo sincronizar la tabla : INT_MAE_ETAPA. Por no contar con el campo identity
--->08/01/2024 16:00:12	ActualizarData/InsertUpdateTabla_v2/No se pudo sincronizar la tabla : TRA_ASI_MAE_CATEGORIA_CLASIFICACION. Por no contar con el campo identity
--->08/01/2024 16:00:12	ActualizarData/InsertUpdateTabla_v2/No se pudo sincronizar la tabla : TRA_ASI_MAE_CATEGORIA_FICHA. Por no contar con el campo identity
--->08/01/2024 17:46:27	ActualizarData/InsertUpdateTabla_v2/No se pudo sincronizar la tabla : INT_MAE_ETAPA. Por no contar con el campo identity
--->08/01/2024 17:46:27	ActualizarData/InsertUpdateTabla_v2/No se pudo sincronizar la tabla : TRA_ASI_MAE_CATEGORIA_CLASIFICACION. Por no contar con el campo identity
--->08/01/2024 17:46:27	ActualizarData/InsertUpdateTabla_v2/No se pudo sincronizar la tabla : TRA_ASI_MAE_CATEGORIA_FICHA. Por no contar con el campo identity
--->08/01/2024 18:34:50	ActualizarData/InsertUpdateTabla_v2/No se pudo sincronizar la tabla : INT_MAE_ETAPA. Por no contar con el campo identity
--->08/01/2024 18:34:50	ActualizarData/InsertUpdateTabla_v2/No se pudo sincronizar la tabla : TRA_ASI_MAE_CATEGORIA_CLASIFICACION. Por no contar con el campo identity
--->08/01/2024 18:34:50	ActualizarData/InsertUpdateTabla_v2/No se pudo sincronizar la tabla : TRA_ASI_MAE_CATEGORIA_FICHA. Por no contar con el campo identity
--->09/01/2024 08:28:27	ActualizarData/InsertUpdateTabla_v2/No se pudo sincronizar la tabla : INT_MAE_ETAPA. Por no contar con el campo identity
--->09/01/2024 08:28:27	ActualizarData/InsertUpdateTabla_v2/No se pudo sincronizar la tabla : TRA_ASI_MAE_CATEGORIA_CLASIFICACION. Por no contar con el campo identity
--->09/01/2024 08:28:28	ActualizarData/InsertUpdateTabla_v2/No se pudo sincronizar la tabla : TRA_ASI_MAE_CATEGORIA_FICHA. Por no contar con el campo identity
--->09/01/2024 08:33:17	ActualizarData/InsertUpdateTabla_v2/No se pudo sincronizar la tabla : INT_MAE_ETAPA. Por no contar con el campo identity
--->09/01/2024 08:33:18	ActualizarData/InsertUpdateTabla_v2/No se pudo sincronizar la tabla : TRA_ASI_MAE_CATEGORIA_CLASIFICACION. Por no contar con el campo identity
--->09/01/2024 08:33:18	ActualizarData/InsertUpdateTabla_v2/No se pudo sincronizar la tabla : TRA_ASI_MAE_CATEGORIA_FICHA. Por no contar con el campo identity
--->09/01/2024 08:42:05	ActualizarData/InsertUpdateTabla_v2/No se pudo sincronizar la tabla : INT_MAE_ETAPA. Por no contar con el campo identity
--->09/01/2024 08:42:05	ActualizarData/InsertUpdateTabla_v2/No se pudo sincronizar la tabla : TRA_ASI_MAE_CATEGORIA_CLASIFICACION. Por no contar con el campo identity
--->09/01/2024 08:42:05	ActualizarData/InsertUpdateTabla_v2/No se pudo sincronizar la tabla : TRA_ASI_MAE_CATEGORIA_FICHA. Por no contar con el campo identity
--->09/01/2024 09:39:37	ActualizarData/InsertUpdateTabla_v2/No se pudo sincronizar la tabla : INT_MAE_ETAPA. Por no contar con el campo identity
--->09/01/2024 09:39:37	ActualizarData/InsertUpdateTabla_v2/No se pudo sincronizar la tabla : TRA_ASI_MAE_CATEGORIA_CLASIFICACION. Por no contar con el campo identity
--->09/01/2024 09:39:37	ActualizarData/InsertUpdateTabla_v2/No se pudo sincronizar la tabla : TRA_ASI_MAE_CATEGORIA_FICHA. Por no contar con el campo identity
--->09/01/2024 10:16:56	ActualizarData/InsertUpdateTabla_v2/No se pudo sincronizar la tabla : INT_MAE_ETAPA. Por no contar con el campo identity
--->09/01/2024 10:16:56	ActualizarData/InsertUpdateTabla_v2/No se pudo sincronizar la tabla : TRA_ASI_MAE_CATEGORIA_CLASIFICACION. Por no contar con el campo identity
--->09/01/2024 10:16:56	ActualizarData/InsertUpdateTabla_v2/No se pudo sincronizar la tabla : TRA_ASI_MAE_CATEGORIA_FICHA. Por no contar con el campo identity
--->09/01/2024 10:18:50	ActualizarData/InsertUpdateTabla_v2/No se pudo sincronizar la tabla : INT_MAE_ETAPA. Por no contar con el campo identity
--->09/01/2024 10:18:50	ActualizarData/InsertUpdateTabla_v2/No se pudo sincronizar la tabla : TRA_ASI_MAE_CATEGORIA_CLASIFICACION. Por no contar con el campo identity
--->09/01/2024 10:18:50	ActualizarData/InsertUpdateTabla_v2/No se pudo sincronizar la tabla : TRA_ASI_MAE_CATEGORIA_FICHA. Por no contar con el campo identity
--->09/01/2024 11:59:36	ActualizarData/InsertUpdateTabla_v2/No se pudo sincronizar la tabla : INT_MAE_ETAPA. Por no contar con el campo identity
--->09/01/2024 11:59:36	ActualizarData/InsertUpdateTabla_v2/No se pudo sincronizar la tabla : TRA_ASI_MAE_CATEGORIA_CLASIFICACION. Por no contar con el campo identity
--->09/01/2024 11:59:36	ActualizarData/InsertUpdateTabla_v2/No se pudo sincronizar la tabla : TRA_ASI_MAE_CATEGORIA_FICHA. Por no contar con el campo identity
--->09/01/2024 12:30:18	ActualizarData/InsertUpdateTabla_v2/No se pudo sincronizar la tabla : INT_MAE_ETAPA. Por no contar con el campo identity
--->09/01/2024 12:30:18	ActualizarData/InsertUpdateTabla_v2/No se pudo sincronizar la tabla : TRA_ASI_MAE_CATEGORIA_CLASIFICACION. Por no contar con el campo identity
--->09/01/2024 12:30:19	ActualizarData/InsertUpdateTabla_v2/No se pudo sincronizar la tabla : TRA_ASI_MAE_CATEGORIA_FICHA. Por no contar con el campo identity
--->09/01/2024 12:32:02	ActualizarData/InsertUpdateTabla_v2/No se pudo sincronizar la tabla : INT_MAE_ETAPA. Por no contar con el campo identity
--->09/01/2024 12:32:02	ActualizarData/InsertUpdateTabla_v2/No se pudo sincronizar la tabla : TRA_ASI_MAE_CATEGORIA_CLASIFICACION. Por no contar con el campo identity
--->09/01/2024 12:32:02	ActualizarData/InsertUpdateTabla_v2/No se pudo sincronizar la tabla : TRA_ASI_MAE_CATEGORIA_FICHA. Por no contar con el campo identity
--->09/01/2024 12:38:04	ActualizarData/InsertUpdateTabla_v2/No se pudo sincronizar la tabla : INT_MAE_ETAPA. Por no contar con el campo identity
--->09/01/2024 12:38:04	ActualizarData/InsertUpdateTabla_v2/No se pudo sincronizar la tabla : TRA_ASI_MAE_CATEGORIA_CLASIFICACION. Por no contar con el campo identity
--->09/01/2024 12:38:04	ActualizarData/InsertUpdateTabla_v2/No se pudo sincronizar la tabla : TRA_ASI_MAE_CATEGORIA_FICHA. Por no contar con el campo identity
--->09/01/2024 12:46:24	ActualizarData/InsertUpdateTabla_v2/No se pudo sincronizar la tabla : INT_MAE_ETAPA. Por no contar con el campo identity
--->09/01/2024 12:46:24	ActualizarData/InsertUpdateTabla_v2/No se pudo sincronizar la tabla : TRA_ASI_MAE_CATEGORIA_CLASIFICACION. Por no contar con el campo identity
--->09/01/2024 12:46:24	ActualizarData/InsertUpdateTabla_v2/No se pudo sincronizar la tabla : TRA_ASI_MAE_CATEGORIA_FICHA. Por no contar con el campo identity
--->09/01/2024 13:00:43	ActualizarData/InsertUpdateTabla_v2/No se pudo sincronizar la tabla : INT_MAE_ETAPA. Por no contar con el campo identity
--->09/01/2024 13:00:43	ActualizarData/InsertUpdateTabla_v2/No se pudo sincronizar la tabla : TRA_ASI_MAE_CATEGORIA_CLASIFICACION. Por no contar con el campo identity
--->09/01/2024 13:00:43	ActualizarData/InsertUpdateTabla_v2/No se pudo sincronizar la tabla : TRA_ASI_MAE_CATEGORIA_FICHA. Por no contar con el campo identity
--->09/01/2024 14:16:48	ActualizarData/InsertUpdateTabla_v2/No se pudo sincronizar la tabla : INT_MAE_ETAPA. Por no contar con el campo identity
--->09/01/2024 14:16:48	ActualizarData/InsertUpdateTabla_v2/No se pudo sincronizar la tabla : TRA_ASI_MAE_CATEGORIA_CLASIFICACION. Por no contar con el campo identity
--->09/01/2024 14:16:48	ActualizarData/InsertUpdateTabla_v2/No se pudo sincronizar la tabla : TRA_ASI_MAE_CATEGORIA_FICHA. Por no contar con el campo identity
--->09/01/2024 14:20:18	ActualizarData/InsertUpdateTabla_v2/No se pudo sincronizar la tabla : INT_MAE_ETAPA. Por no contar con el campo identity
--->09/01/2024 14:20:18	ActualizarData/InsertUpdateTabla_v2/No se pudo sincronizar la tabla : TRA_ASI_MAE_CATEGORIA_CLASIFICACION. Por no contar con el campo identity
--->09/01/2024 14:20:18	ActualizarData/InsertUpdateTabla_v2/No se pudo sincronizar la tabla : TRA_ASI_MAE_CATEGORIA_FICHA. Por no contar con el campo identity
--->09/01/2024 14:27:20	ActualizarData/InsertUpdateTabla_v2/No se pudo sincronizar la tabla : INT_MAE_ETAPA. Por no contar con el campo identity
--->09/01/2024 14:27:20	ActualizarData/InsertUpdateTabla_v2/No se pudo sincronizar la tabla : TRA_ASI_MAE_CATEGORIA_CLASIFICACION. Por no contar con el campo identity
--->09/01/2024 14:27:20	ActualizarData/InsertUpdateTabla_v2/No se pudo sincronizar la tabla : TRA_ASI_MAE_CATEGORIA_FICHA. Por no contar con el campo identity
--->09/01/2024 14:29:10	ActualizarData/InsertUpdateTabla_v2/No se pudo sincronizar la tabla : INT_MAE_ETAPA. Por no contar con el campo identity
--->09/01/2024 14:29:11	ActualizarData/InsertUpdateTabla_v2/No se pudo sincronizar la tabla : TRA_ASI_MAE_CATEGORIA_CLASIFICACION. Por no contar con el campo identity
--->09/01/2024 14:29:11	ActualizarData/InsertUpdateTabla_v2/No se pudo sincronizar la tabla : TRA_ASI_MAE_CATEGORIA_FICHA. Por no contar con el campo identity
--->09/01/2024 14:31:52	ActualizarData/InsertUpdateTabla_v2/No se pudo sincronizar la tabla : INT_MAE_ETAPA. Por no contar con el campo identity
--->09/01/2024 14:31:52	ActualizarData/InsertUpdateTabla_v2/No se pudo sincronizar la tabla : TRA_ASI_MAE_CATEGORIA_CLASIFICACION. Por no contar con el campo identity
--->09/01/2024 14:31:52	ActualizarData/InsertUpdateTabla_v2/No se pudo sincronizar la tabla : TRA_ASI_MAE_CATEGORIA_FICHA. Por no contar con el campo identity
--->09/01/2024 14:35:18	ActualizarData/InsertUpdateTabla_v2/No se pudo sincronizar la tabla : INT_MAE_ETAPA. Por no contar con el campo identity
--->09/01/2024 14:35:19	ActualizarData/InsertUpdateTabla_v2/No se pudo sincronizar la tabla : TRA_ASI_MAE_CATEGORIA_CLASIFICACION. Por no contar con el campo identity
--->09/01/2024 14:35:19	ActualizarData/InsertUpdateTabla_v2/No se pudo sincronizar la tabla : TRA_ASI_MAE_CATEGORIA_FICHA. Por no contar con el campo identity
--->09/01/2024 14:38:08	ActualizarData/InsertUpdateTabla_v2/No se pudo sincronizar la tabla : INT_MAE_ETAPA. Por no contar con el campo identity
--->09/01/2024 14:38:08	ActualizarData/InsertUpdateTabla_v2/No se pudo sincronizar la tabla : TRA_ASI_MAE_CATEGORIA_CLASIFICACION. Por no contar con el campo identity
--->09/01/2024 14:38:08	ActualizarData/InsertUpdateTabla_v2/No se pudo sincronizar la tabla : TRA_ASI_MAE_CATEGORIA_FICHA. Por no contar con el campo identity
--->09/01/2024 16:00:36	ActualizarData/InsertUpdateTabla_v2/No se pudo sincronizar la tabla : INT_MAE_ETAPA. Por no contar con el campo identity
--->09/01/2024 16:00:36	ActualizarData/InsertUpdateTabla_v2/No se pudo sincronizar la tabla : TRA_ASI_MAE_CATEGORIA_CLASIFICACION. Por no contar con el campo identity
--->09/01/2024 16:00:36	ActualizarData/InsertUpdateTabla_v2/No se pudo sincronizar la tabla : TRA_ASI_MAE_CATEGORIA_FICHA. Por no contar con el campo identity
--->09/01/2024 16:07:59	ActualizarData/InsertUpdateTabla_v2/No se pudo sincronizar la tabla : INT_MAE_ETAPA. Por no contar con el campo identity
--->09/01/2024 16:07:59	ActualizarData/InsertUpdateTabla_v2/No se pudo sincronizar la tabla : TRA_ASI_MAE_CATEGORIA_CLASIFICACION. Por no contar con el campo identity
--->09/01/2024 16:07:59	ActualizarData/InsertUpdateTabla_v2/No se pudo sincronizar la tabla : TRA_ASI_MAE_CATEGORIA_FICHA. Por no contar con el campo identity
--->09/01/2024 16:09:39	ActualizarData/InsertUpdateTabla_v2/No se pudo sincronizar la tabla : INT_MAE_ETAPA. Por no contar con el campo identity
--->09/01/2024 16:09:39	ActualizarData/InsertUpdateTabla_v2/No se pudo sincronizar la tabla : TRA_ASI_MAE_CATEGORIA_CLASIFICACION. Por no contar con el campo identity
--->09/01/2024 16:09:39	ActualizarData/InsertUpdateTabla_v2/No se pudo sincronizar la tabla : TRA_ASI_MAE_CATEGORIA_FICHA. Por no contar con el campo identity
--->09/01/2024 16:13:05	ActualizarData/InsertUpdateTabla_v2/No se pudo sincronizar la tabla : INT_MAE_ETAPA. Por no contar con el campo identity
--->09/01/2024 16:13:06	ActualizarData/InsertUpdateTabla_v2/No se pudo sincronizar la tabla : TRA_ASI_MAE_CATEGORIA_CLASIFICACION. Por no contar con el campo identity
--->09/01/2024 16:13:06	ActualizarData/InsertUpdateTabla_v2/No se pudo sincronizar la tabla : TRA_ASI_MAE_CATEGORIA_FICHA. Por no contar con el campo identity
--->09/01/2024 16:46:49	ActualizarData/InsertUpdateTabla_v2/No se pudo sincronizar la tabla : INT_MAE_ETAPA. Por no contar con el campo identity
--->09/01/2024 16:46:49	ActualizarData/InsertUpdateTabla_v2/No se pudo sincronizar la tabla : TRA_ASI_MAE_CATEGORIA_CLASIFICACION. Por no contar con el campo identity
--->09/01/2024 16:46:49	ActualizarData/InsertUpdateTabla_v2/No se pudo sincronizar la tabla : TRA_ASI_MAE_CATEGORIA_FICHA. Por no contar con el campo identity
--->09/01/2024 16:51:16	ActualizarData/InsertUpdateTabla_v2/No se pudo sincronizar la tabla : INT_MAE_ETAPA. Por no contar con el campo identity
--->09/01/2024 16:51:16	ActualizarData/InsertUpdateTabla_v2/No se pudo sincronizar la tabla : TRA_ASI_MAE_CATEGORIA_CLASIFICACION. Por no contar con el campo identity
--->09/01/2024 16:51:16	ActualizarData/InsertUpdateTabla_v2/No se pudo sincronizar la tabla : TRA_ASI_MAE_CATEGORIA_FICHA. Por no contar con el campo identity
--->09/01/2024 16:52:34	ActualizarData/InsertUpdateTabla_v2/No se pudo sincronizar la tabla : INT_MAE_ETAPA. Por no contar con el campo identity
--->09/01/2024 16:52:34	ActualizarData/InsertUpdateTabla_v2/No se pudo sincronizar la tabla : TRA_ASI_MAE_CATEGORIA_CLASIFICACION. Por no contar con el campo identity
--->09/01/2024 16:52:35	ActualizarData/InsertUpdateTabla_v2/No se pudo sincronizar la tabla : TRA_ASI_MAE_CATEGORIA_FICHA. Por no contar con el campo identity
--->09/01/2024 16:57:28	ActualizarData/InsertUpdateTabla_v2/No se pudo sincronizar la tabla : INT_MAE_ETAPA. Por no contar con el campo identity
--->09/01/2024 16:57:28	ActualizarData/InsertUpdateTabla_v2/No se pudo sincronizar la tabla : TRA_ASI_MAE_CATEGORIA_CLASIFICACION. Por no contar con el campo identity
--->09/01/2024 16:57:28	ActualizarData/InsertUpdateTabla_v2/No se pudo sincronizar la tabla : TRA_ASI_MAE_CATEGORIA_FICHA. Por no contar con el campo identity
--->09/01/2024 17:04:16	ActualizarData/InsertUpdateTabla_v2/No se pudo sincronizar la tabla : INT_MAE_ETAPA. Por no contar con el campo identity
--->09/01/2024 17:04:16	ActualizarData/InsertUpdateTabla_v2/No se pudo sincronizar la tabla : TRA_ASI_MAE_CATEGORIA_CLASIFICACION. Por no contar con el campo identity
--->09/01/2024 17:04:17	ActualizarData/InsertUpdateTabla_v2/No se pudo sincronizar la tabla : TRA_ASI_MAE_CATEGORIA_FICHA. Por no contar con el campo identity
--->09/01/2024 17:54:04	ActualizarData/InsertUpdateTabla_v2/No se pudo sincronizar la tabla : INT_MAE_ETAPA. Por no contar con el campo identity
--->09/01/2024 17:54:04	ActualizarData/InsertUpdateTabla_v2/No se pudo sincronizar la tabla : TRA_ASI_MAE_CATEGORIA_CLASIFICACION. Por no contar con el campo identity
--->09/01/2024 17:54:04	ActualizarData/InsertUpdateTabla_v2/No se pudo sincronizar la tabla : TRA_ASI_MAE_CATEGORIA_FICHA. Por no contar con el campo identity
--->09/01/2024 17:57:43	ActualizarData/InsertUpdateTabla_v2/No se pudo sincronizar la tabla : INT_MAE_ETAPA. Por no contar con el campo identity
--->09/01/2024 17:57:43	ActualizarData/InsertUpdateTabla_v2/No se pudo sincronizar la tabla : TRA_ASI_MAE_CATEGORIA_CLASIFICACION. Por no contar con el campo identity
--->09/01/2024 17:57:43	ActualizarData/InsertUpdateTabla_v2/No se pudo sincronizar la tabla : TRA_ASI_MAE_CATEGORIA_FICHA. Por no contar con el campo identity
--->09/01/2024 19:01:04	ActualizarData/InsertUpdateTabla_v2/No se pudo sincronizar la tabla : INT_MAE_ETAPA. Por no contar con el campo identity
--->09/01/2024 19:01:04	ActualizarData/InsertUpdateTabla_v2/No se pudo sincronizar la tabla : TRA_ASI_MAE_CATEGORIA_CLASIFICACION. Por no contar con el campo identity
--->09/01/2024 19:01:04	ActualizarData/InsertUpdateTabla_v2/No se pudo sincronizar la tabla : TRA_ASI_MAE_CATEGORIA_FICHA. Por no contar con el campo identity
--->09/01/2024 19:29:30	ActualizarData/InsertUpdateTabla_v2/No se pudo sincronizar la tabla : INT_MAE_ETAPA. Por no contar con el campo identity
--->09/01/2024 19:29:31	ActualizarData/InsertUpdateTabla_v2/No se pudo sincronizar la tabla : TRA_ASI_MAE_CATEGORIA_CLASIFICACION. Por no contar con el campo identity
--->09/01/2024 19:29:31	ActualizarData/InsertUpdateTabla_v2/No se pudo sincronizar la tabla : TRA_ASI_MAE_CATEGORIA_FICHA. Por no contar con el campo identity
--->09/01/2024 19:48:16	ActualizarData/InsertUpdateTabla_v2/No se pudo sincronizar la tabla : INT_MAE_ETAPA. Por no contar con el campo identity
--->09/01/2024 19:48:16	ActualizarData/InsertUpdateTabla_v2/No se pudo sincronizar la tabla : TRA_ASI_MAE_CATEGORIA_CLASIFICACION. Por no contar con el campo identity
--->09/01/2024 19:48:16	ActualizarData/InsertUpdateTabla_v2/No se pudo sincronizar la tabla : TRA_ASI_MAE_CATEGORIA_FICHA. Por no contar con el campo identity
--->09/01/2024 20:02:37	ActualizarData/InsertUpdateTabla_v2/No se pudo sincronizar la tabla : INT_MAE_ETAPA. Por no contar con el campo identity
--->09/01/2024 20:02:37	ActualizarData/InsertUpdateTabla_v2/No se pudo sincronizar la tabla : TRA_ASI_MAE_CATEGORIA_CLASIFICACION. Por no contar con el campo identity
--->09/01/2024 20:02:38	ActualizarData/InsertUpdateTabla_v2/No se pudo sincronizar la tabla : TRA_ASI_MAE_CATEGORIA_FICHA. Por no contar con el campo identity
--->10/01/2024 08:53:36	ActualizarData/InsertUpdateTabla_v2/No se pudo sincronizar la tabla : INT_MAE_ETAPA. Por no contar con el campo identity
--->10/01/2024 08:53:36	ActualizarData/InsertUpdateTabla_v2/No se pudo sincronizar la tabla : TRA_ASI_MAE_CATEGORIA_CLASIFICACION. Por no contar con el campo identity
--->10/01/2024 08:53:36	ActualizarData/InsertUpdateTabla_v2/No se pudo sincronizar la tabla : TRA_ASI_MAE_CATEGORIA_FICHA. Por no contar con el campo identity
--->10/01/2024 08:54:22	ActualizarData/InsertUpdateTabla_v2/No se pudo sincronizar la tabla : INT_MAE_ETAPA. Por no contar con el campo identity
--->10/01/2024 08:54:22	ActualizarData/InsertUpdateTabla_v2/No se pudo sincronizar la tabla : TRA_ASI_MAE_CATEGORIA_CLASIFICACION. Por no contar con el campo identity
--->10/01/2024 08:54:22	ActualizarData/InsertUpdateTabla_v2/No se pudo sincronizar la tabla : TRA_ASI_MAE_CATEGORIA_FICHA. Por no contar con el campo identity
--->10/01/2024 08:58:52	ActualizarData/InsertUpdateTabla_v2/No se pudo sincronizar la tabla : INT_MAE_ETAPA. Por no contar con el campo identity
--->10/01/2024 08:58:52	ActualizarData/InsertUpdateTabla_v2/No se pudo sincronizar la tabla : TRA_ASI_MAE_CATEGORIA_CLASIFICACION. Por no contar con el campo identity
--->10/01/2024 08:58:52	ActualizarData/InsertUpdateTabla_v2/No se pudo sincronizar la tabla : TRA_ASI_MAE_CATEGORIA_FICHA. Por no contar con el campo identity
--->10/01/2024 10:02:03	ActualizarData/InsertUpdateTabla_v2/No se pudo sincronizar la tabla : INT_MAE_ETAPA. Por no contar con el campo identity
--->10/01/2024 10:02:03	ActualizarData/InsertUpdateTabla_v2/No se pudo sincronizar la tabla : TRA_ASI_MAE_CATEGORIA_CLASIFICACION. Por no contar con el campo identity
--->10/01/2024 10:02:03	ActualizarData/InsertUpdateTabla_v2/No se pudo sincronizar la tabla : TRA_ASI_MAE_CATEGORIA_FICHA. Por no contar con el campo identity
--->10/01/2024 10:20:27	ActualizarData/InsertUpdateTabla_v2/No se pudo sincronizar la tabla : INT_MAE_ETAPA. Por no contar con el campo identity
--->10/01/2024 10:20:27	ActualizarData/InsertUpdateTabla_v2/No se pudo sincronizar la tabla : TRA_ASI_MAE_CATEGORIA_CLASIFICACION. Por no contar con el campo identity
--->10/01/2024 10:20:28	ActualizarData/InsertUpdateTabla_v2/No se pudo sincronizar la tabla : TRA_ASI_MAE_CATEGORIA_FICHA. Por no contar con el campo identity
--->10/01/2024 11:09:56	ActualizarData/InsertUpdateTabla_v2/No se pudo sincronizar la tabla : INT_MAE_ETAPA. Por no contar con el campo identity
--->10/01/2024 11:09:56	ActualizarData/InsertUpdateTabla_v2/No se pudo sincronizar la tabla : TRA_ASI_MAE_CATEGORIA_CLASIFICACION. Por no contar con el campo identity
--->10/01/2024 11:09:56	ActualizarData/InsertUpdateTabla_v2/No se pudo sincronizar la tabla : TRA_ASI_MAE_CATEGORIA_FICHA. Por no contar con el campo identity
--->10/01/2024 12:47:44	ActualizarData/InsertUpdateTabla_v2/No se pudo sincronizar la tabla : INT_MAE_ETAPA. Por no contar con el campo identity
--->10/01/2024 12:47:44	ActualizarData/InsertUpdateTabla_v2/No se pudo sincronizar la tabla : TRA_ASI_MAE_CATEGORIA_CLASIFICACION. Por no contar con el campo identity
--->10/01/2024 12:47:44	ActualizarData/InsertUpdateTabla_v2/No se pudo sincronizar la tabla : TRA_ASI_MAE_CATEGORIA_FICHA. Por no contar con el campo identity
--->10/01/2024 12:57:26	ActualizarData/InsertUpdateTabla_v2/No se pudo sincronizar la tabla : INT_MAE_ETAPA. Por no contar con el campo identity
--->10/01/2024 12:57:26	ActualizarData/InsertUpdateTabla_v2/No se pudo sincronizar la tabla : TRA_ASI_MAE_CATEGORIA_CLASIFICACION. Por no contar con el campo identity
--->10/01/2024 12:57:26	ActualizarData/InsertUpdateTabla_v2/No se pudo sincronizar la tabla : TRA_ASI_MAE_CATEGORIA_FICHA. Por no contar con el campo identity
--->10/01/2024 13:38:10	ActualizarData/InsertUpdateTabla_v2/No se pudo sincronizar la tabla : INT_MAE_ETAPA. Por no contar con el campo identity
--->10/01/2024 13:38:10	ActualizarData/InsertUpdateTabla_v2/No se pudo sincronizar la tabla : TRA_ASI_MAE_CATEGORIA_CLASIFICACION. Por no contar con el campo identity
--->10/01/2024 13:38:10	ActualizarData/InsertUpdateTabla_v2/No se pudo sincronizar la tabla : TRA_ASI_MAE_CATEGORIA_FICHA. Por no contar con el campo identity
--->10/01/2024 13:45:00	ActualizarData/InsertUpdateTabla_v2/No se pudo sincronizar la tabla : INT_MAE_ETAPA. Por no contar con el campo identity
--->10/01/2024 13:45:00	ActualizarData/InsertUpdateTabla_v2/No se pudo sincronizar la tabla : TRA_ASI_MAE_CATEGORIA_CLASIFICACION. Por no contar con el campo identity
--->10/01/2024 13:45:00	ActualizarData/InsertUpdateTabla_v2/No se pudo sincronizar la tabla : TRA_ASI_MAE_CATEGORIA_FICHA. Por no contar con el campo identity
--->10/01/2024 13:49:47	ActualizarData/InsertUpdateTabla_v2/No se pudo sincronizar la tabla : INT_MAE_ETAPA. Por no contar con el campo identity
--->10/01/2024 13:49:47	ActualizarData/InsertUpdateTabla_v2/No se pudo sincronizar la tabla : TRA_ASI_MAE_CATEGORIA_CLASIFICACION. Por no contar con el campo identity
--->10/01/2024 13:49:47	ActualizarData/InsertUpdateTabla_v2/No se pudo sincronizar la tabla : TRA_ASI_MAE_CATEGORIA_FICHA. Por no contar con el campo identity
--->10/01/2024 13:53:02	ActualizarData/InsertUpdateTabla_v2/No se pudo sincronizar la tabla : INT_MAE_ETAPA. Por no contar con el campo identity
--->10/01/2024 13:53:02	ActualizarData/InsertUpdateTabla_v2/No se pudo sincronizar la tabla : TRA_ASI_MAE_CATEGORIA_CLASIFICACION. Por no contar con el campo identity
--->10/01/2024 13:53:02	ActualizarData/InsertUpdateTabla_v2/No se pudo sincronizar la tabla : TRA_ASI_MAE_CATEGORIA_FICHA. Por no contar con el campo identity
--->10/01/2024 14:03:36	ActualizarData/InsertUpdateTabla_v2/No se pudo sincronizar la tabla : INT_MAE_ETAPA. Por no contar con el campo identity
--->10/01/2024 14:03:36	ActualizarData/InsertUpdateTabla_v2/No se pudo sincronizar la tabla : TRA_ASI_MAE_CATEGORIA_CLASIFICACION. Por no contar con el campo identity
--->10/01/2024 14:03:36	ActualizarData/InsertUpdateTabla_v2/No se pudo sincronizar la tabla : TRA_ASI_MAE_CATEGORIA_FICHA. Por no contar con el campo identity
--->10/01/2024 14:04:53	ActualizarData/InsertUpdateTabla_v2/No se pudo sincronizar la tabla : INT_MAE_ETAPA. Por no contar con el campo identity
--->10/01/2024 14:04:53	ActualizarData/InsertUpdateTabla_v2/No se pudo sincronizar la tabla : TRA_ASI_MAE_CATEGORIA_CLASIFICACION. Por no contar con el campo identity
--->10/01/2024 14:04:53	ActualizarData/InsertUpdateTabla_v2/No se pudo sincronizar la tabla : TRA_ASI_MAE_CATEGORIA_FICHA. Por no contar con el campo identity
--->10/01/2024 15:30:40	ActualizarData/InsertUpdateTabla_v2/No se pudo sincronizar la tabla : INT_MAE_ETAPA. Por no contar con el campo identity
--->10/01/2024 15:30:40	ActualizarData/InsertUpdateTabla_v2/No se pudo sincronizar la tabla : TRA_ASI_MAE_CATEGORIA_CLASIFICACION. Por no contar con el campo identity
--->10/01/2024 15:30:40	ActualizarData/InsertUpdateTabla_v2/No se pudo sincronizar la tabla : TRA_ASI_MAE_CATEGORIA_FICHA. Por no contar con el campo identity
--->10/01/2024 18:34:48	ActualizarData/InsertUpdateTabla_v2/No se pudo sincronizar la tabla : INT_MAE_ETAPA. Por no contar con el campo identity
--->10/01/2024 18:34:48	ActualizarData/InsertUpdateTabla_v2/No se pudo sincronizar la tabla : TRA_ASI_MAE_CATEGORIA_CLASIFICACION. Por no contar con el campo identity
--->10/01/2024 18:34:48	ActualizarData/InsertUpdateTabla_v2/No se pudo sincronizar la tabla : TRA_ASI_MAE_CATEGORIA_FICHA. Por no contar con el campo identity
--->10/01/2024 18:39:13	ActualizarData/InsertUpdateTabla_v2/No se pudo sincronizar la tabla : INT_MAE_ETAPA. Por no contar con el campo identity
--->10/01/2024 18:39:13	ActualizarData/InsertUpdateTabla_v2/No se pudo sincronizar la tabla : TRA_ASI_MAE_CATEGORIA_CLASIFICACION. Por no contar con el campo identity
--->10/01/2024 18:39:13	ActualizarData/InsertUpdateTabla_v2/No se pudo sincronizar la tabla : TRA_ASI_MAE_CATEGORIA_FICHA. Por no contar con el campo identity
--->10/01/2024 18:51:24	ActualizarData/InsertUpdateTabla_v2/No se pudo sincronizar la tabla : INT_MAE_ETAPA. Por no contar con el campo identity
--->10/01/2024 18:51:24	ActualizarData/InsertUpdateTabla_v2/No se pudo sincronizar la tabla : TRA_ASI_MAE_CATEGORIA_CLASIFICACION. Por no contar con el campo identity
--->10/01/2024 18:51:24	ActualizarData/InsertUpdateTabla_v2/No se pudo sincronizar la tabla : TRA_ASI_MAE_CATEGORIA_FICHA. Por no contar con el campo identity
--->10/01/2024 19:30:54	ActualizarData/InsertUpdateTabla_v2/No se pudo sincronizar la tabla : INT_MAE_ETAPA. Por no contar con el campo identity
--->10/01/2024 19:30:54	ActualizarData/InsertUpdateTabla_v2/No se pudo sincronizar la tabla : TRA_ASI_MAE_CATEGORIA_CLASIFICACION. Por no contar con el campo identity
--->10/01/2024 19:30:54	ActualizarData/InsertUpdateTabla_v2/No se pudo sincronizar la tabla : TRA_ASI_MAE_CATEGORIA_FICHA. Por no contar con el campo identity
--->10/01/2024 19:34:59	ActualizarData/InsertUpdateTabla_v2/No se pudo sincronizar la tabla : INT_MAE_ETAPA. Por no contar con el campo identity
--->10/01/2024 19:34:59	ActualizarData/InsertUpdateTabla_v2/No se pudo sincronizar la tabla : TRA_ASI_MAE_CATEGORIA_CLASIFICACION. Por no contar con el campo identity
--->10/01/2024 19:34:59	ActualizarData/InsertUpdateTabla_v2/No se pudo sincronizar la tabla : TRA_ASI_MAE_CATEGORIA_FICHA. Por no contar con el campo identity
--->10/01/2024 19:42:07	ActualizarData/InsertUpdateTabla_v2/No se pudo sincronizar la tabla : INT_MAE_ETAPA. Por no contar con el campo identity
--->10/01/2024 19:42:07	ActualizarData/InsertUpdateTabla_v2/No se pudo sincronizar la tabla : TRA_ASI_MAE_CATEGORIA_CLASIFICACION. Por no contar con el campo identity
--->10/01/2024 19:42:07	ActualizarData/InsertUpdateTabla_v2/No se pudo sincronizar la tabla : TRA_ASI_MAE_CATEGORIA_FICHA. Por no contar con el campo identity
--->11/01/2024 09:22:23	ActualizarData/InsertUpdateTabla_v2/No se pudo sincronizar la tabla : INT_MAE_ETAPA. Por no contar con el campo identity
--->11/01/2024 09:22:24	ActualizarData/InsertUpdateTabla_v2/No se pudo sincronizar la tabla : TRA_ASI_MAE_CATEGORIA_CLASIFICACION. Por no contar con el campo identity
--->11/01/2024 09:22:24	ActualizarData/InsertUpdateTabla_v2/No se pudo sincronizar la tabla : TRA_ASI_MAE_CATEGORIA_FICHA. Por no contar con el campo identity
--->11/01/2024 09:55:55	ActualizarData/InsertUpdateTabla_v2/No se pudo sincronizar la tabla : INT_MAE_ETAPA. Por no contar con el campo identity
--->11/01/2024 09:55:55	ActualizarData/InsertUpdateTabla_v2/No se pudo sincronizar la tabla : TRA_ASI_MAE_CATEGORIA_CLASIFICACION. Por no contar con el campo identity
--->11/01/2024 09:55:56	ActualizarData/InsertUpdateTabla_v2/No se pudo sincronizar la tabla : TRA_ASI_MAE_CATEGORIA_FICHA. Por no contar con el campo identity
--->11/01/2024 10:06:39	ActualizarData/InsertUpdateTabla_v2/No se pudo sincronizar la tabla : INT_MAE_ETAPA. Por no contar con el campo identity
--->11/01/2024 10:06:40	ActualizarData/InsertUpdateTabla_v2/No se pudo sincronizar la tabla : TRA_ASI_MAE_CATEGORIA_CLASIFICACION. Por no contar con el campo identity
--->11/01/2024 10:06:40	ActualizarData/InsertUpdateTabla_v2/No se pudo sincronizar la tabla : TRA_ASI_MAE_CATEGORIA_FICHA. Por no contar con el campo identity
--->11/01/2024 10:14:32	ActualizarData/InsertUpdateTabla_v2/No se pudo sincronizar la tabla : INT_MAE_ETAPA. Por no contar con el campo identity
--->11/01/2024 10:14:32	ActualizarData/InsertUpdateTabla_v2/No se pudo sincronizar la tabla : TRA_ASI_MAE_CATEGORIA_CLASIFICACION. Por no contar con el campo identity
--->11/01/2024 10:14:32	ActualizarData/InsertUpdateTabla_v2/No se pudo sincronizar la tabla : TRA_ASI_MAE_CATEGORIA_FICHA. Por no contar con el campo identity
--->11/01/2024 11:14:29	ActualizarData/InsertUpdateTabla_v2/No se pudo sincronizar la tabla : INT_MAE_ETAPA. Por no contar con el campo identity
--->11/01/2024 11:14:29	ActualizarData/InsertUpdateTabla_v2/No se pudo sincronizar la tabla : TRA_ASI_MAE_CATEGORIA_CLASIFICACION. Por no contar con el campo identity
--->11/01/2024 11:14:29	ActualizarData/InsertUpdateTabla_v2/No se pudo sincronizar la tabla : TRA_ASI_MAE_CATEGORIA_FICHA. Por no contar con el campo identity
--->12/01/2024 10:26:58	ActualizarData/InsertUpdateTabla_v2/No se pudo sincronizar la tabla : INT_MAE_ETAPA. Por no contar con el campo identity
--->12/01/2024 10:26:58	ActualizarData/InsertUpdateTabla_v2/No se pudo sincronizar la tabla : TRA_ASI_MAE_CATEGORIA_CLASIFICACION. Por no contar con el campo identity
--->12/01/2024 10:26:58	ActualizarData/InsertUpdateTabla_v2/No se pudo sincronizar la tabla : TRA_ASI_MAE_CATEGORIA_FICHA. Por no contar con el campo identity
--->12/01/2024 14:45:39	ActualizarData/InsertUpdateTabla_v2/No se pudo sincronizar la tabla : INT_MAE_ETAPA. Por no contar con el campo identity
--->12/01/2024 14:45:39	ActualizarData/InsertUpdateTabla_v2/No se pudo sincronizar la tabla : TRA_ASI_MAE_CATEGORIA_CLASIFICACION. Por no contar con el campo identity
--->12/01/2024 14:45:39	ActualizarData/InsertUpdateTabla_v2/No se pudo sincronizar la tabla : TRA_ASI_MAE_CATEGORIA_FICHA. Por no contar con el campo identity
--->13/01/2024 11:44:19	ActualizarData/InsertUpdateTabla_v2/No se pudo sincronizar la tabla : INT_MAE_ETAPA. Por no contar con el campo identity
--->13/01/2024 11:44:19	ActualizarData/InsertUpdateTabla_v2/No se pudo sincronizar la tabla : TRA_ASI_MAE_CATEGORIA_CLASIFICACION. Por no contar con el campo identity
--->13/01/2024 11:44:19	ActualizarData/InsertUpdateTabla_v2/No se pudo sincronizar la tabla : TRA_ASI_MAE_CATEGORIA_FICHA. Por no contar con el campo identity
--->13/01/2024 11:54:35	ActualizarData/InsertUpdateTabla_v2/No se pudo sincronizar la tabla : INT_MAE_ETAPA. Por no contar con el campo identity
--->13/01/2024 11:54:35	ActualizarData/InsertUpdateTabla_v2/No se pudo sincronizar la tabla : TRA_ASI_MAE_CATEGORIA_CLASIFICACION. Por no contar con el campo identity
--->13/01/2024 11:54:35	ActualizarData/InsertUpdateTabla_v2/No se pudo sincronizar la tabla : TRA_ASI_MAE_CATEGORIA_FICHA. Por no contar con el campo identity
--->13/01/2024 11:58:30	ActualizarData/InsertUpdateTabla_v2/No se pudo sincronizar la tabla : INT_MAE_ETAPA. Por no contar con el campo identity
--->13/01/2024 11:58:30	ActualizarData/InsertUpdateTabla_v2/No se pudo sincronizar la tabla : TRA_ASI_MAE_CATEGORIA_CLASIFICACION. Por no contar con el campo identity
--->13/01/2024 11:58:31	ActualizarData/InsertUpdateTabla_v2/No se pudo sincronizar la tabla : TRA_ASI_MAE_CATEGORIA_FICHA. Por no contar con el campo identity
--->13/01/2024 12:59:41	ActualizarData/InsertUpdateTabla_v2/No se pudo sincronizar la tabla : INT_MAE_ETAPA. Por no contar con el campo identity
--->13/01/2024 12:59:41	ActualizarData/InsertUpdateTabla_v2/No se pudo sincronizar la tabla : TRA_ASI_MAE_CATEGORIA_CLASIFICACION. Por no contar con el campo identity
--->13/01/2024 12:59:41	ActualizarData/InsertUpdateTabla_v2/No se pudo sincronizar la tabla : TRA_ASI_MAE_CATEGORIA_FICHA. Por no contar con el campo identity
--->13/01/2024 14:52:18	ActualizarData/InsertUpdateTabla_v2/No se pudo sincronizar la tabla : INT_MAE_ETAPA. Por no contar con el campo identity
--->13/01/2024 14:52:18	ActualizarData/InsertUpdateTabla_v2/No se pudo sincronizar la tabla : TRA_ASI_MAE_CATEGORIA_CLASIFICACION. Por no contar con el campo identity
--->13/01/2024 14:52:18	ActualizarData/InsertUpdateTabla_v2/No se pudo sincronizar la tabla : TRA_ASI_MAE_CATEGORIA_FICHA. Por no contar con el campo identity
--->15/01/2024 12:28:04	ActualizarData/InsertUpdateTabla_v2/No se pudo sincronizar la tabla : INT_MAE_ETAPA. Por no contar con el campo identity
--->15/01/2024 12:28:04	ActualizarData/InsertUpdateTabla_v2/No se pudo sincronizar la tabla : TRA_ASI_MAE_CATEGORIA_CLASIFICACION. Por no contar con el campo identity
--->15/01/2024 12:28:04	ActualizarData/InsertUpdateTabla_v2/No se pudo sincronizar la tabla : TRA_ASI_MAE_CATEGORIA_FICHA. Por no contar con el campo identity
--->16/01/2024 08:29:49	ActualizarData/InsertUpdateTabla_v2/No se pudo sincronizar la tabla : INT_COMUNIDADCAMPESINAESPECIFICA. Por no contar con el campo identity
--->16/01/2024 08:29:49	ActualizarData/InsertUpdateTabla_v2/No se pudo sincronizar la tabla : INT_COMUNIDADCAMPESINAGENERAL. Por no contar con el campo identity
--->16/01/2024 08:52:29	ActualizarData/InsertUpdateTabla_v2/No se pudo sincronizar la tabla : INT_MAE_ETAPA. Por no contar con el campo identity
--->16/01/2024 08:52:29	ActualizarData/InsertUpdateTabla_v2/No se pudo sincronizar la tabla : TRA_ASI_MAE_CATEGORIA_CLASIFICACION. Por no contar con el campo identity
--->16/01/2024 08:52:29	ActualizarData/InsertUpdateTabla_v2/No se pudo sincronizar la tabla : TRA_ASI_MAE_CATEGORIA_FICHA. Por no contar con el campo identity
--->30/01/2024 14:35:47	ActualizarData/InsertUpdateTabla_v2/No se pudo sincronizar la tabla : INT_MAE_ETAPA. Por no contar con el campo identity
--->30/01/2024 14:35:47	ActualizarData/InsertUpdateTabla_v2/No se pudo sincronizar la tabla : TRA_ASI_MAE_CATEGORIA_CLASIFICACION. Por no contar con el campo identity
--->30/01/2024 14:35:48	ActualizarData/InsertUpdateTabla_v2/No se pudo sincronizar la tabla : TRA_ASI_MAE_CATEGORIA_FICHA. Por no contar con el campo identity
--->30/01/2024 14:35:48	ActualizarData/InsertUpdateTabla_v2/No se pudo sincronizar la tabla : TRA_ASI_MAE_CAUSAL_TRASLADO. Por no contar con el campo identity
