--->01/12/2023 14:30:23	ActualizarData/InsertUpdateTabla_v2/No se pudo sincronizar la tabla : INT_MAE_ETAPA. Por no contar con el campo identity
--->01/12/2023 14:30:24	ActualizarData/InsertUpdateTabla_v2/No se pudo sincronizar la tabla : TRA_ASI_MAE_CATEGORIA_CLASIFICACION. Por no contar con el campo identity
--->01/12/2023 14:30:24	ActualizarData/InsertUpdateTabla_v2/No se pudo sincronizar la tabla : TRA_ASI_MAE_CATEGORIA_FICHA. Por no contar con el campo identity
--->04/12/2023 09:17:18	ActualizarData/InsertUpdateTabla_v2/No se pudo sincronizar la tabla : INT_MAE_ETAPA. Por no contar con el campo identity
--->04/12/2023 09:17:18	ActualizarData/InsertUpdateTabla_v2/No se pudo sincronizar la tabla : TRA_ASI_MAE_CATEGORIA_CLASIFICACION. Por no contar con el campo identity
--->04/12/2023 09:17:19	ActualizarData/InsertUpdateTabla_v2/No se pudo sincronizar la tabla : TRA_ASI_MAE_CATEGORIA_FICHA. Por no contar con el campo identity
--->06/12/2023 16:40:17	ActualizarData/InsertUpdateTabla_v2/No se pudo sincronizar la tabla : INT_COMUNIDADCAMPESINAESPECIFICA. Por no contar con el campo identity
--->06/12/2023 16:40:18	ActualizarData/InsertUpdateTabla_v2/No se pudo sincronizar la tabla : INT_COMUNIDADCAMPESINAGENERAL. Por no contar con el campo identity
--->06/12/2023 16:40:19	ActualizarData/InsertUpdateTabla_v2/No se pudo sincronizar la tabla : INT_MAE_ETAPA. Por no contar con el campo identity
--->06/12/2023 16:40:19	ActualizarData/InsertUpdateTabla_v2/No se pudo sincronizar la tabla : TRA_ASI_MAE_CATEGORIA_CLASIFICACION. Por no contar con el campo identity
--->06/12/2023 16:40:19	ActualizarData/InsertUpdateTabla_v2/No se pudo sincronizar la tabla : TRA_ASI_MAE_CATEGORIA_FICHA. Por no contar con el campo identity
--->13/12/2023 12:07:39	ActualizarData/InsertUpdateTabla_v2/No se pudo sincronizar la tabla : INT_COMUNIDADCAMPESINAESPECIFICA. Por no contar con el campo identity
--->13/12/2023 12:07:39	ActualizarData/InsertUpdateTabla_v2/No se pudo sincronizar la tabla : INT_COMUNIDADCAMPESINAGENERAL. Por no contar con el campo identity
--->13/12/2023 12:07:40	ActualizarData/InsertUpdateTabla_v2/No se pudo sincronizar la tabla : INT_MAE_ETAPA. Por no contar con el campo identity
--->13/12/2023 12:07:40	ActualizarData/InsertUpdateTabla_v2/No se pudo sincronizar la tabla : TRA_ASI_MAE_CATEGORIA_CLASIFICACION. Por no contar con el campo identity
--->13/12/2023 12:07:40	ActualizarData/InsertUpdateTabla_v2/No se pudo sincronizar la tabla : TRA_ASI_MAE_CATEGORIA_FICHA. Por no contar con el campo identity
--->13/12/2023 12:09:20	ActualizarData/InsertUpdateTabla_v2/No se pudo sincronizar la tabla : INT_MAE_ETAPA. Por no contar con el campo identity
--->13/12/2023 12:09:20	ActualizarData/InsertUpdateTabla_v2/No se pudo sincronizar la tabla : TRA_ASI_MAE_CATEGORIA_CLASIFICACION. Por no contar con el campo identity
--->13/12/2023 12:09:21	ActualizarData/InsertUpdateTabla_v2/No se pudo sincronizar la tabla : TRA_ASI_MAE_CATEGORIA_FICHA. Por no contar con el campo identity
--->13/12/2023 12:09:53	ActualizarData/InsertUpdateTabla_v2/No se pudo sincronizar la tabla : INT_COMUNIDADCAMPESINAGENERAL. Por no contar con el campo identity
--->20/12/2023 08:35:33	ActualizarData/InsertUpdateTabla_v2/No se pudo sincronizar la tabla : INT_MAE_ETAPA. Por no contar con el campo identity
--->20/12/2023 08:35:33	ActualizarData/InsertUpdateTabla_v2/No se pudo sincronizar la tabla : TRA_ASI_MAE_CATEGORIA_CLASIFICACION. Por no contar con el campo identity
--->20/12/2023 08:35:33	ActualizarData/InsertUpdateTabla_v2/No se pudo sincronizar la tabla : TRA_ASI_MAE_CATEGORIA_FICHA. Por no contar con el campo identity
--->21/12/2023 14:21:34	ActualizarData/InsertUpdateTabla_v2/No se pudo sincronizar la tabla : REG_PBE_MAE_GRUPO_LENGUA_MATERNA. Por no contar con el campo identity
--->21/12/2023 14:21:34	ActualizarData/InsertUpdateTabla_v2/No se pudo sincronizar la tabla : REG_PBE_MAE_LENGUA_MATERNA. Por no contar con el campo identity
--->21/12/2023 14:21:34	ActualizarData/InsertUpdateTabla_v2/No se pudo sincronizar la tabla : REG_PBE_MAE_GRUPO_PUEBLO. Por no contar con el campo identity
--->21/12/2023 14:21:35	ActualizarData/InsertUpdateTabla_v2/No se pudo sincronizar la tabla : REG_PBE_MAE_PUEBLO. Por no contar con el campo identity
--->21/12/2023 14:21:35	ActualizarData/InsertUpdateTabla_v2/No se pudo sincronizar la tabla : GEN_MAE_REG_ESTABLECIMIENTOMENTAL. Por no contar con el campo identity
--->21/12/2023 14:21:35	ActualizarData/InsertUpdateTabla_v2/No se pudo sincronizar la tabla : GEN_MAE_ODONTOGRAMA_NTS. Por no contar con el campo identity
--->21/12/2023 14:21:35	ActualizarData/InsertUpdateTabla_v2/No se pudo sincronizar la tabla : GEN_MAE_ODONTOGRAMA_NTS_ITEMS. Por no contar con el campo identity
--->21/12/2023 14:21:35	ActualizarData/InsertUpdateTabla_v2/No se pudo sincronizar la tabla : GEN_MAE_ODONTOGRAMA_NTS_ITEMS_VALORES. Por no contar con el campo identity
--->21/12/2023 14:21:35	ActualizarData/InsertUpdateTabla_v2/No se pudo sincronizar la tabla : INT_MAE_ETAPA. Por no contar con el campo identity
--->21/12/2023 14:24:41	ActualizarData/InsertUpdateTabla_v2/No se pudo sincronizar la tabla : REG_PBE_MAE_GRUPO_LENGUA_MATERNA. Por no contar con el campo identity
--->21/12/2023 14:24:41	ActualizarData/InsertUpdateTabla_v2/No se pudo sincronizar la tabla : REG_PBE_MAE_LENGUA_MATERNA. Por no contar con el campo identity
--->21/12/2023 14:24:41	ActualizarData/InsertUpdateTabla_v2/No se pudo sincronizar la tabla : REG_PBE_MAE_GRUPO_PUEBLO. Por no contar con el campo identity
--->21/12/2023 14:24:41	ActualizarData/InsertUpdateTabla_v2/No se pudo sincronizar la tabla : REG_PBE_MAE_PUEBLO. Por no contar con el campo identity
--->21/12/2023 14:24:41	ActualizarData/InsertUpdateTabla_v2/No se pudo sincronizar la tabla : GEN_MAE_REG_ESTABLECIMIENTOMENTAL. Por no contar con el campo identity
--->21/12/2023 14:24:42	ActualizarData/InsertUpdateTabla_v2/No se pudo sincronizar la tabla : GEN_MAE_ODONTOGRAMA_NTS. Por no contar con el campo identity
--->21/12/2023 14:24:42	ActualizarData/InsertUpdateTabla_v2/No se pudo sincronizar la tabla : GEN_MAE_ODONTOGRAMA_NTS_ITEMS. Por no contar con el campo identity
--->21/12/2023 14:24:42	ActualizarData/InsertUpdateTabla_v2/No se pudo sincronizar la tabla : GEN_MAE_ODONTOGRAMA_NTS_ITEMS_VALORES. Por no contar con el campo identity
--->21/12/2023 14:24:42	ActualizarData/InsertUpdateTabla_v2/No se pudo sincronizar la tabla : INT_MAE_ETAPA. Por no contar con el campo identity
--->21/12/2023 14:37:49	ActualizarData/InsertUpdateTabla_v2/No se pudo sincronizar la tabla : REG_PBE_MAE_GRUPO_LENGUA_MATERNA. Por no contar con el campo identity
--->21/12/2023 14:37:50	ActualizarData/InsertUpdateTabla_v2/No se pudo sincronizar la tabla : REG_PBE_MAE_LENGUA_MATERNA. Por no contar con el campo identity
--->21/12/2023 14:37:50	ActualizarData/InsertUpdateTabla_v2/No se pudo sincronizar la tabla : REG_PBE_MAE_GRUPO_PUEBLO. Por no contar con el campo identity
--->21/12/2023 14:37:50	ActualizarData/InsertUpdateTabla_v2/No se pudo sincronizar la tabla : REG_PBE_MAE_PUEBLO. Por no contar con el campo identity
--->21/12/2023 14:37:50	ActualizarData/InsertUpdateTabla_v2/No se pudo sincronizar la tabla : GEN_MAE_REG_ESTABLECIMIENTOMENTAL. Por no contar con el campo identity
--->21/12/2023 14:37:50	ActualizarData/InsertUpdateTabla_v2/No se pudo sincronizar la tabla : GEN_MAE_ODONTOGRAMA_NTS. Por no contar con el campo identity
--->21/12/2023 14:37:50	ActualizarData/InsertUpdateTabla_v2/No se pudo sincronizar la tabla : GEN_MAE_ODONTOGRAMA_NTS_ITEMS. Por no contar con el campo identity
--->21/12/2023 14:37:51	ActualizarData/InsertUpdateTabla_v2/No se pudo sincronizar la tabla : GEN_MAE_ODONTOGRAMA_NTS_ITEMS_VALORES. Por no contar con el campo identity
--->21/12/2023 14:37:51	ActualizarData/InsertUpdateTabla_v2/No se pudo sincronizar la tabla : INT_MAE_ETAPA. Por no contar con el campo identity
--->21/12/2023 14:38:05	ActualizarData/InsertUpdateTabla_v2/No se pudo sincronizar la tabla : REG_PBE_MAE_GRUPO_LENGUA_MATERNA. Por no contar con el campo identity
--->21/12/2023 14:38:05	ActualizarData/InsertUpdateTabla_v2/No se pudo sincronizar la tabla : REG_PBE_MAE_LENGUA_MATERNA. Por no contar con el campo identity
--->21/12/2023 14:38:05	ActualizarData/InsertUpdateTabla_v2/No se pudo sincronizar la tabla : REG_PBE_MAE_GRUPO_PUEBLO. Por no contar con el campo identity
--->21/12/2023 14:38:05	ActualizarData/InsertUpdateTabla_v2/No se pudo sincronizar la tabla : REG_PBE_MAE_PUEBLO. Por no contar con el campo identity
--->21/12/2023 14:38:05	ActualizarData/InsertUpdateTabla_v2/No se pudo sincronizar la tabla : GEN_MAE_REG_ESTABLECIMIENTOMENTAL. Por no contar con el campo identity
--->21/12/2023 14:38:06	ActualizarData/InsertUpdateTabla_v2/No se pudo sincronizar la tabla : GEN_MAE_ODONTOGRAMA_NTS. Por no contar con el campo identity
--->21/12/2023 14:38:06	ActualizarData/InsertUpdateTabla_v2/No se pudo sincronizar la tabla : GEN_MAE_ODONTOGRAMA_NTS_ITEMS. Por no contar con el campo identity
--->21/12/2023 14:38:06	ActualizarData/InsertUpdateTabla_v2/No se pudo sincronizar la tabla : GEN_MAE_ODONTOGRAMA_NTS_ITEMS_VALORES. Por no contar con el campo identity
--->21/12/2023 14:38:06	ActualizarData/InsertUpdateTabla_v2/No se pudo sincronizar la tabla : INT_MAE_ETAPA. Por no contar con el campo identity
--->21/12/2023 14:55:11	ActualizarData/InsertUpdateTabla_v2/No se pudo sincronizar la tabla : REG_PBE_MAE_GRUPO_LENGUA_MATERNA. Por no contar con el campo identity
--->21/12/2023 14:55:11	ActualizarData/InsertUpdateTabla_v2/No se pudo sincronizar la tabla : REG_PBE_MAE_LENGUA_MATERNA. Por no contar con el campo identity
--->21/12/2023 14:55:11	ActualizarData/InsertUpdateTabla_v2/No se pudo sincronizar la tabla : REG_PBE_MAE_GRUPO_PUEBLO. Por no contar con el campo identity
--->21/12/2023 14:55:11	ActualizarData/InsertUpdateTabla_v2/No se pudo sincronizar la tabla : REG_PBE_MAE_PUEBLO. Por no contar con el campo identity
--->21/12/2023 14:55:11	ActualizarData/InsertUpdateTabla_v2/No se pudo sincronizar la tabla : GEN_MAE_REG_ESTABLECIMIENTOMENTAL. Por no contar con el campo identity
--->21/12/2023 14:55:12	ActualizarData/InsertUpdateTabla_v2/No se pudo sincronizar la tabla : GEN_MAE_ODONTOGRAMA_NTS. Por no contar con el campo identity
--->21/12/2023 14:55:12	ActualizarData/InsertUpdateTabla_v2/No se pudo sincronizar la tabla : GEN_MAE_ODONTOGRAMA_NTS_ITEMS. Por no contar con el campo identity
--->21/12/2023 14:55:12	ActualizarData/InsertUpdateTabla_v2/No se pudo sincronizar la tabla : GEN_MAE_ODONTOGRAMA_NTS_ITEMS_VALORES. Por no contar con el campo identity
--->21/12/2023 14:55:12	ActualizarData/InsertUpdateTabla_v2/No se pudo sincronizar la tabla : INT_MAE_ETAPA. Por no contar con el campo identity
--->21/12/2023 15:17:27	ActualizarData/InsertUpdateTabla_v2/No se pudo sincronizar la tabla : REG_PBE_MAE_GRUPO_LENGUA_MATERNA. Por no contar con el campo identity
--->21/12/2023 15:17:27	ActualizarData/InsertUpdateTabla_v2/No se pudo sincronizar la tabla : REG_PBE_MAE_LENGUA_MATERNA. Por no contar con el campo identity
--->21/12/2023 15:17:28	ActualizarData/InsertUpdateTabla_v2/No se pudo sincronizar la tabla : REG_PBE_MAE_GRUPO_PUEBLO. Por no contar con el campo identity
--->21/12/2023 15:17:28	ActualizarData/InsertUpdateTabla_v2/No se pudo sincronizar la tabla : REG_PBE_MAE_PUEBLO. Por no contar con el campo identity
--->21/12/2023 15:17:28	ActualizarData/InsertUpdateTabla_v2/No se pudo sincronizar la tabla : GEN_MAE_REG_ESTABLECIMIENTOMENTAL. Por no contar con el campo identity
--->21/12/2023 15:17:28	ActualizarData/InsertUpdateTabla_v2/No se pudo sincronizar la tabla : GEN_MAE_ODONTOGRAMA_NTS. Por no contar con el campo identity
--->21/12/2023 15:17:28	ActualizarData/InsertUpdateTabla_v2/No se pudo sincronizar la tabla : GEN_MAE_ODONTOGRAMA_NTS_ITEMS. Por no contar con el campo identity
--->21/12/2023 15:17:29	ActualizarData/InsertUpdateTabla_v2/No se pudo sincronizar la tabla : GEN_MAE_ODONTOGRAMA_NTS_ITEMS_VALORES. Por no contar con el campo identity
--->21/12/2023 15:17:29	ActualizarData/InsertUpdateTabla_v2/No se pudo sincronizar la tabla : INT_MAE_ETAPA. Por no contar con el campo identity
--->21/12/2023 15:26:20	ActualizarData/InsertUpdateTabla_v2/No se pudo sincronizar la tabla : REG_PBE_MAE_GRUPO_LENGUA_MATERNA. Por no contar con el campo identity
--->21/12/2023 15:26:20	ActualizarData/InsertUpdateTabla_v2/No se pudo sincronizar la tabla : REG_PBE_MAE_LENGUA_MATERNA. Por no contar con el campo identity
--->21/12/2023 15:26:21	ActualizarData/InsertUpdateTabla_v2/No se pudo sincronizar la tabla : REG_PBE_MAE_GRUPO_PUEBLO. Por no contar con el campo identity
--->21/12/2023 15:26:21	ActualizarData/InsertUpdateTabla_v2/No se pudo sincronizar la tabla : REG_PBE_MAE_PUEBLO. Por no contar con el campo identity
--->21/12/2023 15:26:21	ActualizarData/InsertUpdateTabla_v2/No se pudo sincronizar la tabla : GEN_MAE_REG_ESTABLECIMIENTOMENTAL. Por no contar con el campo identity
--->21/12/2023 15:26:21	ActualizarData/InsertUpdateTabla_v2/No se pudo sincronizar la tabla : GEN_MAE_ODONTOGRAMA_NTS. Por no contar con el campo identity
--->21/12/2023 15:26:21	ActualizarData/InsertUpdateTabla_v2/No se pudo sincronizar la tabla : GEN_MAE_ODONTOGRAMA_NTS_ITEMS. Por no contar con el campo identity
--->21/12/2023 15:26:21	ActualizarData/InsertUpdateTabla_v2/No se pudo sincronizar la tabla : GEN_MAE_ODONTOGRAMA_NTS_ITEMS_VALORES. Por no contar con el campo identity
--->21/12/2023 15:26:22	ActualizarData/InsertUpdateTabla_v2/No se pudo sincronizar la tabla : INT_MAE_ETAPA. Por no contar con el campo identity
--->21/12/2023 16:44:25	ActualizarData/InsertUpdateTabla_v2/No se pudo sincronizar la tabla : REG_PBE_MAE_GRUPO_LENGUA_MATERNA. Por no contar con el campo identity
--->21/12/2023 16:44:25	ActualizarData/InsertUpdateTabla_v2/No se pudo sincronizar la tabla : REG_PBE_MAE_LENGUA_MATERNA. Por no contar con el campo identity
--->21/12/2023 16:44:25	ActualizarData/InsertUpdateTabla_v2/No se pudo sincronizar la tabla : REG_PBE_MAE_GRUPO_PUEBLO. Por no contar con el campo identity
--->21/12/2023 16:44:25	ActualizarData/InsertUpdateTabla_v2/No se pudo sincronizar la tabla : REG_PBE_MAE_PUEBLO. Por no contar con el campo identity
--->21/12/2023 16:44:25	ActualizarData/InsertUpdateTabla_v2/No se pudo sincronizar la tabla : GEN_MAE_REG_ESTABLECIMIENTOMENTAL. Por no contar con el campo identity
--->21/12/2023 16:44:26	ActualizarData/InsertUpdateTabla_v2/No se pudo sincronizar la tabla : GEN_MAE_ODONTOGRAMA_NTS. Por no contar con el campo identity
--->21/12/2023 16:44:26	ActualizarData/InsertUpdateTabla_v2/No se pudo sincronizar la tabla : GEN_MAE_ODONTOGRAMA_NTS_ITEMS. Por no contar con el campo identity
--->21/12/2023 16:44:26	ActualizarData/InsertUpdateTabla_v2/No se pudo sincronizar la tabla : GEN_MAE_ODONTOGRAMA_NTS_ITEMS_VALORES. Por no contar con el campo identity
--->21/12/2023 16:44:26	ActualizarData/InsertUpdateTabla_v2/No se pudo sincronizar la tabla : INT_MAE_ETAPA. Por no contar con el campo identity
--->21/12/2023 16:47:29	ActualizarData/InsertUpdateTabla_v2/No se pudo sincronizar la tabla : INT_COMUNIDADCAMPESINAGENERAL. Por no contar con el campo identity
--->21/12/2023 17:16:24	ActualizarData/InsertUpdateTabla_v2/No se pudo sincronizar la tabla : INT_COMUNIDADCAMPESINAGENERAL. Por no contar con el campo identity
